                                      1 ;--------------------------------------------------------
                                      2 ; File Created by SDCC : free open source ANSI-C Compiler
                                      3 ; Version 4.0.4 #11952 (Linux)
                                      4 ;--------------------------------------------------------
                                      5 	.module Scroll_b
                                      6 	.optsdcc -mgbz80
                                      7 	
                                      8 ;--------------------------------------------------------
                                      9 ; Public variables in this module
                                     10 ;--------------------------------------------------------
                                     11 	.globl _ScrollUpdateColumnR
                                     12 	.globl _ScrollUpdateRowR
                                     13 	.globl _ScrollUpdateColumnWithDelay
                                     14 	.globl _ScrollUpdateRowWithDelay
                                     15 	.globl _RenderScreen
                                     16 	.globl b_RefreshScroll_b
                                     17 	.globl _RefreshScroll_b
                                     18 ;--------------------------------------------------------
                                     19 ; special function registers
                                     20 ;--------------------------------------------------------
                                     21 ;--------------------------------------------------------
                                     22 ; ram data
                                     23 ;--------------------------------------------------------
                                     24 	.area _DATA
                                     25 ;--------------------------------------------------------
                                     26 ; absolute external ram data
                                     27 ;--------------------------------------------------------
                                     28 	.area _DABS (ABS)
                                     29 ;--------------------------------------------------------
                                     30 ; global & static initialisations
                                     31 ;--------------------------------------------------------
                                     32 	.area _HOME
                                     33 	.area _GSINIT
                                     34 	.area _GSFINAL
                                     35 	.area _GSINIT
                                     36 ;--------------------------------------------------------
                                     37 ; Home
                                     38 ;--------------------------------------------------------
                                     39 	.area _HOME
                                     40 	.area _HOME
                                     41 ;--------------------------------------------------------
                                     42 ; code
                                     43 ;--------------------------------------------------------
                                     44 	.area _CODE_1
                                     45 ;/tmp/_gbsbuild/src/core/Scroll_b.c:12: void RefreshScroll_b() __banked {
                                     46 ;	---------------------------------
                                     47 ; Function RefreshScroll_b
                                     48 ; ---------------------------------
                           000001    49 	b_RefreshScroll_b	= 1
      000000                         50 _RefreshScroll_b::
      000000 E8 F1                   51 	add	sp, #-15
                                     52 ;/tmp/_gbsbuild/src/core/Scroll_b.c:15: UBYTE render = FALSE;
      000002 AF                      53 	xor	a, a
      000003 F8 00                   54 	ldhl	sp,	#0
      000005 77                      55 	ld	(hl), a
                                     56 ;/tmp/_gbsbuild/src/core/Scroll_b.c:17: x = scroll_target->x - (SCREENWIDTH >> 1);
      000006 21r00r00                57 	ld	hl, #_scroll_target
      000009 2A                      58 	ld	a, (hl+)
      00000A 5E                      59 	ld	e, (hl)
      00000B F8 0D                   60 	ldhl	sp,	#13
      00000D 22                      61 	ld	(hl+), a
      00000E 7B                      62 	ld	a, e
      00000F 32                      63 	ld	(hl-), a
      000010 2A                      64 	ld	a, (hl+)
      000011 5F                      65 	ld	e, a
      000012 56                      66 	ld	d, (hl)
      000013 1A                      67 	ld	a, (de)
      000014 4F                      68 	ld	c, a
      000015 13                      69 	inc	de
      000016 1A                      70 	ld	a, (de)
      000017 47                      71 	ld	b, a
      000018 79                      72 	ld	a, c
      000019 C6 B0                   73 	add	a, #0xb0
      00001B 4F                      74 	ld	c, a
      00001C 78                      75 	ld	a, b
      00001D CE FF                   76 	adc	a, #0xff
      00001F 47                      77 	ld	b, a
                                     78 ;/tmp/_gbsbuild/src/core/Scroll_b.c:18: y = scroll_target->y - (SCREENHEIGHT >> 1);
      000020 2B                      79 	dec	hl
      000021 2A                      80 	ld	a, (hl+)
      000022 66                      81 	ld	h, (hl)
      000023 6F                      82 	ld	l, a
      000024 23                      83 	inc	hl
      000025 23                      84 	inc	hl
      000026 5D                      85 	ld	e, l
      000027 54                      86 	ld	d, h
      000028 1A                      87 	ld	a, (de)
      000029 F8 0D                   88 	ldhl	sp,	#13
      00002B 22                      89 	ld	(hl+), a
      00002C 13                      90 	inc	de
      00002D 1A                      91 	ld	a, (de)
      00002E 77                      92 	ld	(hl), a
      00002F F8 0D                   93 	ldhl	sp,#13
      000031 2A                      94 	ld	a, (hl+)
      000032 5F                      95 	ld	e, a
      000033 56                      96 	ld	d, (hl)
      000034 21 48 00                97 	ld	hl, #0x0048
      000037 7B                      98 	ld	a, e
      000038 95                      99 	sub	a, l
      000039 5F                     100 	ld	e, a
      00003A 7A                     101 	ld	a, d
      00003B 9C                     102 	sbc	a, h
      00003C F8 02                  103 	ldhl	sp,	#2
      00003E 32                     104 	ld	(hl-), a
      00003F 73                     105 	ld	(hl), e
                                    106 ;/tmp/_gbsbuild/src/core/Scroll_b.c:20: if (x & 0x8000u) {  // check for negative signed bit
      000040 CB 78                  107 	bit	7, b
      000042 28 05                  108 	jr	Z, 00104$
                                    109 ;/tmp/_gbsbuild/src/core/Scroll_b.c:21: x = 0u;
      000044 01 00 00               110 	ld	bc, #0x0000
      000047 18 13                  111 	jr	00105$
      000049                        112 00104$:
                                    113 ;/tmp/_gbsbuild/src/core/Scroll_b.c:22: } else if (x > scroll_x_max) {
      000049 59                     114 	ld	e, c
      00004A 50                     115 	ld	d, b
      00004B 21r00r00               116 	ld	hl, #_scroll_x_max
      00004E 7E                     117 	ld	a, (hl)
      00004F 93                     118 	sub	a, e
      000050 23                     119 	inc	hl
      000051 7E                     120 	ld	a, (hl)
      000052 9A                     121 	sbc	a, d
      000053 30 07                  122 	jr	NC, 00105$
                                    123 ;/tmp/_gbsbuild/src/core/Scroll_b.c:23: x = scroll_x_max;
      000055 21r01r00               124 	ld	hl, #_scroll_x_max + 1
      000058 2B                     125 	dec	hl
      000059 2A                     126 	ld	a, (hl+)
      00005A 4F                     127 	ld	c, a
      00005B 46                     128 	ld	b, (hl)
      00005C                        129 00105$:
                                    130 ;/tmp/_gbsbuild/src/core/Scroll_b.c:25: if (y & 0x8000u) {
      00005C F8 02                  131 	ldhl	sp,	#2
      00005E CB 7E                  132 	bit	7, (hl)
      000060 28 07                  133 	jr	Z, 00109$
                                    134 ;/tmp/_gbsbuild/src/core/Scroll_b.c:26: y = 0u;
      000062 AF                     135 	xor	a, a
      000063 F8 01                  136 	ldhl	sp,	#1
      000065 22                     137 	ld	(hl+), a
      000066 77                     138 	ld	(hl), a
      000067 18 18                  139 	jr	00110$
      000069                        140 00109$:
                                    141 ;/tmp/_gbsbuild/src/core/Scroll_b.c:27: } else if (y > scroll_y_max) {
      000069 F8 01                  142 	ldhl	sp,#1
      00006B 2A                     143 	ld	a, (hl+)
      00006C 5F                     144 	ld	e, a
      00006D 56                     145 	ld	d, (hl)
      00006E 21r00r00               146 	ld	hl, #_scroll_y_max
      000071 7E                     147 	ld	a, (hl)
      000072 93                     148 	sub	a, e
      000073 23                     149 	inc	hl
      000074 7E                     150 	ld	a, (hl)
      000075 9A                     151 	sbc	a, d
      000076 30 09                  152 	jr	NC, 00110$
                                    153 ;/tmp/_gbsbuild/src/core/Scroll_b.c:28: y = scroll_y_max;
      000078 21r00r00               154 	ld	hl, #_scroll_y_max
      00007B 2A                     155 	ld	a, (hl+)
      00007C 5E                     156 	ld	e, (hl)
      00007D F8 01                  157 	ldhl	sp,	#1
      00007F 22                     158 	ld	(hl+), a
      000080 73                     159 	ld	(hl), e
      000081                        160 00110$:
                                    161 ;/tmp/_gbsbuild/src/core/Scroll_b.c:31: current_column = scroll_x >> 3;
      000081 FAr00r00               162 	ld	a, (#_scroll_x)
      000084 F8 03                  163 	ldhl	sp,	#3
      000086 77                     164 	ld	(hl), a
      000087 FAr01r00               165 	ld	a, (#_scroll_x + 1)
      00008A F8 04                  166 	ldhl	sp,	#4
      00008C 77                     167 	ld	(hl), a
      00008D CB 2E                  168 	sra	(hl)
      00008F 2B                     169 	dec	hl
      000090 CB 1E                  170 	rr	(hl)
      000092 23                     171 	inc	hl
      000093 CB 2E                  172 	sra	(hl)
      000095 2B                     173 	dec	hl
      000096 CB 1E                  174 	rr	(hl)
      000098 23                     175 	inc	hl
      000099 CB 2E                  176 	sra	(hl)
      00009B 2B                     177 	dec	hl
      00009C CB 1E                  178 	rr	(hl)
                                    179 ;/tmp/_gbsbuild/src/core/Scroll_b.c:32: new_column = x >> 3;
      00009E 23                     180 	inc	hl
      00009F 23                     181 	inc	hl
      0000A0 79                     182 	ld	a, c
      0000A1 22                     183 	ld	(hl+), a
      0000A2 70                     184 	ld	(hl), b
      0000A3 CB 2E                  185 	sra	(hl)
      0000A5 2B                     186 	dec	hl
      0000A6 CB 1E                  187 	rr	(hl)
      0000A8 23                     188 	inc	hl
      0000A9 CB 2E                  189 	sra	(hl)
      0000AB 2B                     190 	dec	hl
      0000AC CB 1E                  191 	rr	(hl)
      0000AE 23                     192 	inc	hl
      0000AF CB 2E                  193 	sra	(hl)
      0000B1 2B                     194 	dec	hl
      0000B2 CB 1E                  195 	rr	(hl)
                                    196 ;/tmp/_gbsbuild/src/core/Scroll_b.c:33: current_row = scroll_y >> 3;
      0000B4 FAr00r00               197 	ld	a, (#_scroll_y)
      0000B7 F8 07                  198 	ldhl	sp,	#7
      0000B9 77                     199 	ld	(hl), a
      0000BA FAr01r00               200 	ld	a, (#_scroll_y + 1)
      0000BD F8 08                  201 	ldhl	sp,	#8
      0000BF 77                     202 	ld	(hl), a
      0000C0 CB 2E                  203 	sra	(hl)
      0000C2 2B                     204 	dec	hl
      0000C3 CB 1E                  205 	rr	(hl)
      0000C5 23                     206 	inc	hl
      0000C6 CB 2E                  207 	sra	(hl)
      0000C8 2B                     208 	dec	hl
      0000C9 CB 1E                  209 	rr	(hl)
      0000CB 23                     210 	inc	hl
      0000CC CB 2E                  211 	sra	(hl)
      0000CE 2B                     212 	dec	hl
      0000CF CB 1E                  213 	rr	(hl)
                                    214 ;/tmp/_gbsbuild/src/core/Scroll_b.c:34: new_row = y >> 3;
      0000D1 F8 01                  215 	ldhl	sp,	#1
      0000D3 7E                     216 	ld	a, (hl)
      0000D4 F8 09                  217 	ldhl	sp,	#9
      0000D6 77                     218 	ld	(hl), a
      0000D7 F8 02                  219 	ldhl	sp,	#2
      0000D9 7E                     220 	ld	a, (hl)
      0000DA F8 0A                  221 	ldhl	sp,	#10
      0000DC 77                     222 	ld	(hl), a
      0000DD CB 2E                  223 	sra	(hl)
      0000DF 2B                     224 	dec	hl
      0000E0 CB 1E                  225 	rr	(hl)
      0000E2 23                     226 	inc	hl
      0000E3 CB 2E                  227 	sra	(hl)
      0000E5 2B                     228 	dec	hl
      0000E6 CB 1E                  229 	rr	(hl)
      0000E8 23                     230 	inc	hl
      0000E9 CB 2E                  231 	sra	(hl)
      0000EB 2B                     232 	dec	hl
      0000EC CB 1E                  233 	rr	(hl)
                                    234 ;/tmp/_gbsbuild/src/core/Scroll_b.c:37: if (current_column == new_column - 1) {
      0000EE F8 05                  235 	ldhl	sp,#5
      0000F0 2A                     236 	ld	a, (hl+)
      0000F1 5F                     237 	ld	e, a
      0000F2 56                     238 	ld	d, (hl)
      0000F3 21 01 00               239 	ld	hl, #0x0001
      0000F6 7B                     240 	ld	a, e
      0000F7 95                     241 	sub	a, l
      0000F8 5F                     242 	ld	e, a
      0000F9 7A                     243 	ld	a, d
      0000FA 9C                     244 	sbc	a, h
      0000FB F8 0C                  245 	ldhl	sp,	#12
      0000FD 32                     246 	ld	(hl-), a
                                    247 ;/tmp/_gbsbuild/src/core/Scroll_b.c:40: new_row - SCREEN_PAD_TOP);
      0000FE 7B                     248 	ld	a, e
      0000FF 32                     249 	ld	(hl-), a
      000100 2B                     250 	dec	hl
      000101 2A                     251 	ld	a, (hl+)
      000102 5F                     252 	ld	e, a
      000103 56                     253 	ld	d, (hl)
      000104 21 01 00               254 	ld	hl, #0x0001
      000107 7B                     255 	ld	a, e
      000108 95                     256 	sub	a, l
      000109 5F                     257 	ld	e, a
      00010A 7A                     258 	ld	a, d
      00010B 9C                     259 	sbc	a, h
      00010C F8 0E                  260 	ldhl	sp,	#14
      00010E 32                     261 	ld	(hl-), a
      00010F 73                     262 	ld	(hl), e
                                    263 ;/tmp/_gbsbuild/src/core/Scroll_b.c:37: if (current_column == new_column - 1) {
      000110 F8 03                  264 	ldhl	sp,	#3
      000112 7E                     265 	ld	a, (hl)
      000113 F8 0B                  266 	ldhl	sp,	#11
      000115 96                     267 	sub	a, (hl)
      000116 20 23                  268 	jr	NZ, 00117$
      000118 F8 04                  269 	ldhl	sp,	#4
      00011A 7E                     270 	ld	a, (hl)
      00011B F8 0C                  271 	ldhl	sp,	#12
      00011D 96                     272 	sub	a, (hl)
      00011E 20 1B                  273 	jr	NZ, 00117$
                                    274 ;/tmp/_gbsbuild/src/core/Scroll_b.c:39: ScrollUpdateColumnWithDelay(new_column - SCREEN_PAD_LEFT + SCREEN_TILE_REFRES_W - 1,
                                    275 ;c
      000120 F8 05                  276 	ldhl	sp,#5
      000122 2A                     277 	ld	a, (hl+)
      000123 5F                     278 	ld	e, a
      000124 56                     279 	ld	d, (hl)
      000125 21 15 00               280 	ld	hl, #0x0015
      000128 19                     281 	add	hl, de
      000129 5D                     282 	ld	e, l
      00012A 54                     283 	ld	d, h
      00012B C5                     284 	push	bc
      00012C F8 0F                  285 	ldhl	sp,	#15
      00012E 2A                     286 	ld	a, (hl+)
      00012F 66                     287 	ld	h, (hl)
      000130 6F                     288 	ld	l, a
      000131 E5                     289 	push	hl
      000132 D5                     290 	push	de
      000133 CDr00r00               291 	call	_ScrollUpdateColumnWithDelay
      000136 E8 04                  292 	add	sp, #4
      000138 C1                     293 	pop	bc
      000139 18 37                  294 	jr	00118$
      00013B                        295 00117$:
                                    296 ;/tmp/_gbsbuild/src/core/Scroll_b.c:41: } else if (current_column == new_column + 1) {
      00013B F8 05                  297 	ldhl	sp,#5
      00013D 2A                     298 	ld	a, (hl+)
      00013E 5F                     299 	ld	e, a
      00013F 56                     300 	ld	d, (hl)
      000140 13                     301 	inc	de
      000141 F8 03                  302 	ldhl	sp,	#3
      000143 7E                     303 	ld	a, (hl)
      000144 93                     304 	sub	a, e
      000145 20 1A                  305 	jr	NZ, 00114$
      000147 23                     306 	inc	hl
      000148 7E                     307 	ld	a, (hl)
      000149 92                     308 	sub	a, d
      00014A 20 15                  309 	jr	NZ, 00114$
                                    310 ;/tmp/_gbsbuild/src/core/Scroll_b.c:43: ScrollUpdateColumnWithDelay(new_column - SCREEN_PAD_LEFT, new_row - SCREEN_PAD_TOP);
      00014C C5                     311 	push	bc
      00014D F8 0F                  312 	ldhl	sp,	#15
      00014F 2A                     313 	ld	a, (hl+)
      000150 66                     314 	ld	h, (hl)
      000151 6F                     315 	ld	l, a
      000152 E5                     316 	push	hl
      000153 F8 0F                  317 	ldhl	sp,	#15
      000155 2A                     318 	ld	a, (hl+)
      000156 66                     319 	ld	h, (hl)
      000157 6F                     320 	ld	l, a
      000158 E5                     321 	push	hl
      000159 CDr00r00               322 	call	_ScrollUpdateColumnWithDelay
      00015C E8 04                  323 	add	sp, #4
      00015E C1                     324 	pop	bc
      00015F 18 11                  325 	jr	00118$
      000161                        326 00114$:
                                    327 ;/tmp/_gbsbuild/src/core/Scroll_b.c:44: } else if (current_column != new_column) {
      000161 F8 03                  328 	ldhl	sp,	#3
      000163 2A                     329 	ld	a, (hl+)
      000164 23                     330 	inc	hl
      000165 96                     331 	sub	a, (hl)
      000166 20 06                  332 	jr	NZ, 00214$
      000168 2B                     333 	dec	hl
      000169 2A                     334 	ld	a, (hl+)
      00016A 23                     335 	inc	hl
      00016B 96                     336 	sub	a, (hl)
      00016C 28 04                  337 	jr	Z, 00118$
      00016E                        338 00214$:
                                    339 ;/tmp/_gbsbuild/src/core/Scroll_b.c:46: render = TRUE;
      00016E F8 00                  340 	ldhl	sp,	#0
      000170 36 01                  341 	ld	(hl), #0x01
      000172                        342 00118$:
                                    343 ;/tmp/_gbsbuild/src/core/Scroll_b.c:50: if (current_row == new_row - 1) {
      000172 F8 07                  344 	ldhl	sp,	#7
      000174 7E                     345 	ld	a, (hl)
      000175 F8 0D                  346 	ldhl	sp,	#13
      000177 96                     347 	sub	a, (hl)
      000178 20 23                  348 	jr	NZ, 00125$
      00017A F8 08                  349 	ldhl	sp,	#8
      00017C 7E                     350 	ld	a, (hl)
      00017D F8 0E                  351 	ldhl	sp,	#14
      00017F 96                     352 	sub	a, (hl)
      000180 20 1B                  353 	jr	NZ, 00125$
                                    354 ;/tmp/_gbsbuild/src/core/Scroll_b.c:53: new_row - SCREEN_PAD_TOP + SCREEN_TILE_REFRES_H - 1);
                                    355 ;c
      000182 F8 09                  356 	ldhl	sp,#9
      000184 2A                     357 	ld	a, (hl+)
      000185 5F                     358 	ld	e, a
      000186 56                     359 	ld	d, (hl)
      000187 21 13 00               360 	ld	hl, #0x0013
      00018A 19                     361 	add	hl, de
      00018B 5D                     362 	ld	e, l
      00018C 54                     363 	ld	d, h
                                    364 ;/tmp/_gbsbuild/src/core/Scroll_b.c:52: ScrollUpdateRowWithDelay(new_column - SCREEN_PAD_LEFT,
      00018D C5                     365 	push	bc
      00018E D5                     366 	push	de
      00018F F8 0F                  367 	ldhl	sp,	#15
      000191 2A                     368 	ld	a, (hl+)
      000192 66                     369 	ld	h, (hl)
      000193 6F                     370 	ld	l, a
      000194 E5                     371 	push	hl
      000195 CDr00r00               372 	call	_ScrollUpdateRowWithDelay
      000198 E8 04                  373 	add	sp, #4
      00019A C1                     374 	pop	bc
      00019B 18 37                  375 	jr	00126$
      00019D                        376 00125$:
                                    377 ;/tmp/_gbsbuild/src/core/Scroll_b.c:54: } else if (current_row == new_row + 1) {
      00019D F8 09                  378 	ldhl	sp,#9
      00019F 2A                     379 	ld	a, (hl+)
      0001A0 5F                     380 	ld	e, a
      0001A1 56                     381 	ld	d, (hl)
      0001A2 13                     382 	inc	de
      0001A3 F8 07                  383 	ldhl	sp,	#7
      0001A5 7E                     384 	ld	a, (hl)
      0001A6 93                     385 	sub	a, e
      0001A7 20 1A                  386 	jr	NZ, 00122$
      0001A9 23                     387 	inc	hl
      0001AA 7E                     388 	ld	a, (hl)
      0001AB 92                     389 	sub	a, d
      0001AC 20 15                  390 	jr	NZ, 00122$
                                    391 ;/tmp/_gbsbuild/src/core/Scroll_b.c:56: ScrollUpdateRowWithDelay(new_column - SCREEN_PAD_LEFT, new_row - SCREEN_PAD_TOP);
      0001AE C5                     392 	push	bc
      0001AF F8 0F                  393 	ldhl	sp,	#15
      0001B1 2A                     394 	ld	a, (hl+)
      0001B2 66                     395 	ld	h, (hl)
      0001B3 6F                     396 	ld	l, a
      0001B4 E5                     397 	push	hl
      0001B5 F8 0F                  398 	ldhl	sp,	#15
      0001B7 2A                     399 	ld	a, (hl+)
      0001B8 66                     400 	ld	h, (hl)
      0001B9 6F                     401 	ld	l, a
      0001BA E5                     402 	push	hl
      0001BB CDr00r00               403 	call	_ScrollUpdateRowWithDelay
      0001BE E8 04                  404 	add	sp, #4
      0001C0 C1                     405 	pop	bc
      0001C1 18 11                  406 	jr	00126$
      0001C3                        407 00122$:
                                    408 ;/tmp/_gbsbuild/src/core/Scroll_b.c:57: } else if (current_row != new_row) {
      0001C3 F8 07                  409 	ldhl	sp,	#7
      0001C5 2A                     410 	ld	a, (hl+)
      0001C6 23                     411 	inc	hl
      0001C7 96                     412 	sub	a, (hl)
      0001C8 20 06                  413 	jr	NZ, 00219$
      0001CA 2B                     414 	dec	hl
      0001CB 2A                     415 	ld	a, (hl+)
      0001CC 23                     416 	inc	hl
      0001CD 96                     417 	sub	a, (hl)
      0001CE 28 04                  418 	jr	Z, 00126$
      0001D0                        419 00219$:
                                    420 ;/tmp/_gbsbuild/src/core/Scroll_b.c:59: render = TRUE;
      0001D0 F8 00                  421 	ldhl	sp,	#0
      0001D2 36 01                  422 	ld	(hl), #0x01
      0001D4                        423 00126$:
                                    424 ;/tmp/_gbsbuild/src/core/Scroll_b.c:62: scroll_x = x;
      0001D4 21r00r00               425 	ld	hl, #_scroll_x
      0001D7 79                     426 	ld	a, c
      0001D8 22                     427 	ld	(hl+), a
      0001D9 70                     428 	ld	(hl), b
                                    429 ;/tmp/_gbsbuild/src/core/Scroll_b.c:63: scroll_y = y;
      0001DA F8 01                  430 	ldhl	sp,	#1
      0001DC 2A                     431 	ld	a, (hl+)
      0001DD 5E                     432 	ld	e, (hl)
      0001DE 21r00r00               433 	ld	hl, #_scroll_y
      0001E1 22                     434 	ld	(hl+), a
      0001E2 73                     435 	ld	(hl), e
                                    436 ;/tmp/_gbsbuild/src/core/Scroll_b.c:64: draw_scroll_x = x + scroll_offset_x;
      0001E3 79                     437 	ld	a, c
      0001E4 21r00r00               438 	ld	hl, #_scroll_offset_x
      0001E7 86                     439 	add	a, (hl)
      0001E8 EAr00r00               440 	ld	(#_draw_scroll_x),a
      0001EB 78                     441 	ld	a, b
      0001EC 21r01r00               442 	ld	hl, #_scroll_offset_x + 1
      0001EF 8E                     443 	adc	a, (hl)
      0001F0 EAr01r00               444 	ld	(#_draw_scroll_x + 1),a
                                    445 ;/tmp/_gbsbuild/src/core/Scroll_b.c:65: draw_scroll_y = y + scroll_offset_y;
                                    446 ;c
      0001F3 F8 01                  447 	ldhl	sp,#1
      0001F5 2A                     448 	ld	a, (hl+)
      0001F6 5F                     449 	ld	e, a
      0001F7 56                     450 	ld	d, (hl)
      0001F8 21r00r00               451 	ld	hl, #_scroll_offset_y
      0001FB 2A                     452 	ld	a, (hl+)
      0001FC 66                     453 	ld	h, (hl)
      0001FD 6F                     454 	ld	l, a
      0001FE 19                     455 	add	hl, de
      0001FF 7D                     456 	ld	a, l
      000200 EAr00r00               457 	ld	(_draw_scroll_y), a
      000203 7C                     458 	ld	a, h
      000204 EAr01r00               459 	ld	(_draw_scroll_y + 1), a
                                    460 ;/tmp/_gbsbuild/src/core/Scroll_b.c:67: if (render) {
      000207 F8 00                  461 	ldhl	sp,	#0
      000209 7E                     462 	ld	a, (hl)
      00020A B7                     463 	or	a, a
      00020B 28 05                  464 	jr	Z, 00134$
                                    465 ;/tmp/_gbsbuild/src/core/Scroll_b.c:68: RenderScreen();
      00020D CDr00r00               466 	call	_RenderScreen
      000210 18 18                  467 	jr	00136$
      000212                        468 00134$:
                                    469 ;/tmp/_gbsbuild/src/core/Scroll_b.c:69: } else if (IS_FRAME_2) {
      000212 FAr00r00               470 	ld	a, (#_game_time)
      000215 0F                     471 	rrca
      000216 38 12                  472 	jr	C, 00136$
                                    473 ;/tmp/_gbsbuild/src/core/Scroll_b.c:70: if (pending_w_i) {
      000218 FAr00r00               474 	ld	a, (#_pending_w_i)
      00021B B7                     475 	or	a, a
      00021C 28 03                  476 	jr	Z, 00128$
                                    477 ;/tmp/_gbsbuild/src/core/Scroll_b.c:72: ScrollUpdateRowR();
      00021E CDr00r00               478 	call	_ScrollUpdateRowR
      000221                        479 00128$:
                                    480 ;/tmp/_gbsbuild/src/core/Scroll_b.c:74: if (pending_h_i) {
      000221 FAr00r00               481 	ld	a, (#_pending_h_i)
      000224 B7                     482 	or	a, a
      000225 28 03                  483 	jr	Z, 00136$
                                    484 ;/tmp/_gbsbuild/src/core/Scroll_b.c:76: ScrollUpdateColumnR();
      000227 CDr00r00               485 	call	_ScrollUpdateColumnR
      00022A                        486 00136$:
                                    487 ;/tmp/_gbsbuild/src/core/Scroll_b.c:79: }
      00022A E8 0F                  488 	add	sp, #15
      00022C C9                     489 	ret
                                    490 	.area _CODE_1
                                    491 	.area _CABS (ABS)
